# JRE version: Java(TM) SE Runtime Environment (8.0_212-b10) (build 1.8.0_212-b10)
# Java VM: Java HotSpot(TM) 64-Bit Server VM (25.212-b10 mixed mode bsd-amd64 compressed oops)
Heap:
 PSYoungGen      total 449024K, used 216064K [0x0000000795580000, 0x00000007bf400000, 0x00000007c0000000)
  eden space 216064K, 100% used [0x0000000795580000,0x00000007a2880000,0x00000007a2880000)
  from space 232960K, 0% used [0x00000007a2880000,0x00000007a2880000,0x00000007b0c00000)
  to   space 232960K, 0% used [0x00000007b1080000,0x00000007b1080000,0x00000007bf400000)
 ParOldGen       total 1398272K, used 1398098K [0x0000000740000000, 0x0000000795580000, 0x0000000795580000)
  object space 1398272K, 99% used [0x0000000740000000,0x0000000795554800,0x0000000795580000)
 Metaspace       used 31830K, capacity 32235K, committed 32640K, reserved 1077248K
  class space    used 3742K, capacity 3870K, committed 3968K, reserved 1048576K
GC Heap History (10 events):
Event: 741.669 GC heap before
{Heap before GC invocations=678 (full 594):
 PSYoungGen      total 449024K, used 216063K [0x0000000795580000, 0x00000007bf400000, 0x00000007c0000000)
  eden space 216064K, 99% used [0x0000000795580000,0x00000007a287fff0,0x00000007a2880000)
  from space 232960K, 0% used [0x00000007a2880000,0x00000007a2880000,0x00000007b0c00000)
  to   space 232960K, 0% used [0x00000007b1080000,0x00000007b1080000,0x00000007bf400000)
 ParOldGen       total 1398272K, used 1398099K [0x0000000740000000, 0x0000000795580000, 0x0000000795580000)
  object space 1398272K, 99% used [0x0000000740000000,0x0000000795554ee8,0x0000000795580000)
 Metaspace       used 31830K, capacity 32235K, committed 32640K, reserved 1077248K
  class space    used 3742K, capacity 3870K, committed 3968K, reserved 1048576K
Event: 741.910 GC heap after
Heap after GC invocations=678 (full 594):
 PSYoungGen      total 449024K, used 216063K [0x0000000795580000, 0x00000007bf400000, 0x00000007c0000000)
  eden space 216064K, 99% used [0x0000000795580000,0x00000007a287fff0,0x00000007a2880000)
  from space 232960K, 0% used [0x00000007a2880000,0x00000007a2880000,0x00000007b0c00000)
  to   space 232960K, 0% used [0x00000007b1080000,0x00000007b1080000,0x00000007bf400000)
 ParOldGen       total 1398272K, used 1398099K [0x0000000740000000, 0x0000000795580000, 0x0000000795580000)
  object space 1398272K, 99% used [0x0000000740000000,0x0000000795554d68,0x0000000795580000)
 Metaspace       used 31830K, capacity 32235K, committed 32640K, reserved 1077248K
  class space    used 3742K, capacity 3870K, committed 3968K, reserved 1048576K
}
Event: 741.912 GC heap before
{Heap before GC invocations=679 (full 595):
 PSYoungGen      total 449024K, used 216063K [0x0000000795580000, 0x00000007bf400000, 0x00000007c0000000)
  eden space 216064K, 99% used [0x0000000795580000,0x00000007a287fff0,0x00000007a2880000)
  from space 232960K, 0% used [0x00000007a2880000,0x00000007a2880000,0x00000007b0c00000)
  to   space 232960K, 0% used [0x00000007b1080000,0x00000007b1080000,0x00000007bf400000)
 ParOldGen       total 1398272K, used 1398101K [0x0000000740000000, 0x0000000795580000, 0x0000000795580000)
  object space 1398272K, 99% used [0x0000000740000000,0x0000000795555568,0x0000000795580000)
 Metaspace       used 31830K, capacity 32235K, committed 32640K, reserved 1077248K
  class space    used 3742K, capacity 3870K, committed 3968K, reserved 1048576K
Event: 742.141 GC heap after
Heap after GC invocations=679 (full 595):
 PSYoungGen      total 449024K, used 216063K [0x0000000795580000, 0x00000007bf400000, 0x00000007c0000000)
  eden space 216064K, 99% used [0x0000000795580000,0x00000007a287fff0,0x00000007a2880000)
  from space 232960K, 0% used [0x00000007a2880000,0x00000007a2880000,0x00000007b0c00000)
  to   space 232960K, 0% used [0x00000007b1080000,0x00000007b1080000,0x00000007bf400000)
 ParOldGen       total 1398272K, used 1398101K [0x0000000740000000, 0x0000000795580000, 0x0000000795580000)
  object space 1398272K, 99% used [0x0000000740000000,0x0000000795555568,0x0000000795580000)
 Metaspace       used 31830K, capacity 32235K, committed 32640K, reserved 1077248K
  class space    used 3742K, capacity 3870K, committed 3968K, reserved 1048576K
}
Event: 742.141 GC heap before
{Heap before GC invocations=680 (full 596):
 PSYoungGen      total 449024K, used 216064K [0x0000000795580000, 0x00000007bf400000, 0x00000007c0000000)
  eden space 216064K, 100% used [0x0000000795580000,0x00000007a2880000,0x00000007a2880000)
  from space 232960K, 0% used [0x00000007a2880000,0x00000007a2880000,0x00000007b0c00000)
  to   space 232960K, 0% used [0x00000007b1080000,0x00000007b1080000,0x00000007bf400000)
 ParOldGen       total 1398272K, used 1398103K [0x0000000740000000, 0x0000000795580000, 0x0000000795580000)
  object space 1398272K, 99% used [0x0000000740000000,0x0000000795555d70,0x0000000795580000)
 Metaspace       used 31830K, capacity 32235K, committed 32640K, reserved 1077248K
  class space    used 3742K, capacity 3870K, committed 3968K, reserved 1048576K
Event: 742.356 GC heap after
Heap after GC invocations=680 (full 596):
 PSYoungGen      total 449024K, used 216063K [0x0000000795580000, 0x00000007bf400000, 0x00000007c0000000)
  eden space 216064K, 99% used [0x0000000795580000,0x00000007a287ffe8,0x00000007a2880000)
  from space 232960K, 0% used [0x00000007a2880000,0x00000007a2880000,0x00000007b0c00000)
  to   space 232960K, 0% used [0x00000007b1080000,0x00000007b1080000,0x00000007bf400000)
 ParOldGen       total 1398272K, used 1398103K [0x0000000740000000, 0x0000000795580000, 0x0000000795580000)
  object space 1398272K, 99% used [0x0000000740000000,0x0000000795555c70,0x0000000795580000)
 Metaspace       used 31830K, capacity 32235K, committed 32640K, reserved 1077248K
  class space    used 3742K, capacity 3870K, committed 3968K, reserved 1048576K
}
Event: 742.356 GC heap before
{Heap before GC invocations=681 (full 597):
 PSYoungGen      total 449024K, used 216063K [0x0000000795580000, 0x00000007bf400000, 0x00000007c0000000)
  eden space 216064K, 99% used [0x0000000795580000,0x00000007a287ffe8,0x00000007a2880000)
  from space 232960K, 0% used [0x00000007a2880000,0x00000007a2880000,0x00000007b0c00000)
  to   space 232960K, 0% used [0x00000007b1080000,0x00000007b1080000,0x00000007bf400000)
 ParOldGen       total 1398272K, used 1398103K [0x0000000740000000, 0x0000000795580000, 0x0000000795580000)
  object space 1398272K, 99% used [0x0000000740000000,0x0000000795555ec0,0x0000000795580000)
 Metaspace       used 31830K, capacity 32235K, committed 32640K, reserved 1077248K
  class space    used 3742K, capacity 3870K, committed 3968K, reserved 1048576K
Event: 742.586 GC heap after
Heap after GC invocations=681 (full 597):
 PSYoungGen      total 449024K, used 216063K [0x0000000795580000, 0x00000007bf400000, 0x00000007c0000000)
  eden space 216064K, 99% used [0x0000000795580000,0x00000007a287ffe8,0x00000007a2880000)
  from space 232960K, 0% used [0x00000007a2880000,0x00000007a2880000,0x00000007b0c00000)
  to   space 232960K, 0% used [0x00000007b1080000,0x00000007b1080000,0x00000007bf400000)
 ParOldGen       total 1398272K, used 1398103K [0x0000000740000000, 0x0000000795580000, 0x0000000795580000)
  object space 1398272K, 99% used [0x0000000740000000,0x0000000795555ec0,0x0000000795580000)
 Metaspace       used 31830K, capacity 32235K, committed 32640K, reserved 1077248K
  class space    used 3742K, capacity 3870K, committed 3968K, reserved 1048576K
}
Event: 742.586 GC heap before
{Heap before GC invocations=682 (full 598):
 PSYoungGen      total 449024K, used 216063K [0x0000000795580000, 0x00000007bf400000, 0x00000007c0000000)
  eden space 216064K, 99% used [0x0000000795580000,0x00000007a287ffe8,0x00000007a2880000)
  from space 232960K, 0% used [0x00000007a2880000,0x00000007a2880000,0x00000007b0c00000)
  to   space 232960K, 0% used [0x00000007b1080000,0x00000007b1080000,0x00000007bf400000)
 ParOldGen       total 1398272K, used 1398103K [0x0000000740000000, 0x0000000795580000, 0x0000000795580000)
  object space 1398272K, 99% used [0x0000000740000000,0x0000000795555ec0,0x0000000795580000)
 Metaspace       used 31830K, capacity 32235K, committed 32640K, reserved 1077248K
  class space    used 3742K, capacity 3870K, committed 3968K, reserved 1048576K
Event: 742.829 GC heap after
Heap after GC invocations=682 (full 598):
 PSYoungGen      total 449024K, used 216063K [0x0000000795580000, 0x00000007bf400000, 0x00000007c0000000)
  eden space 216064K, 99% used [0x0000000795580000,0x00000007a287fcd8,0x00000007a2880000)
  from space 232960K, 0% used [0x00000007a2880000,0x00000007a2880000,0x00000007b0c00000)
  to   space 232960K, 0% used [0x00000007b1080000,0x00000007b1080000,0x00000007bf400000)
 ParOldGen       total 1398272K, used 1398095K [0x0000000740000000, 0x0000000795580000, 0x0000000795580000)
  object space 1398272K, 99% used [0x0000000740000000,0x0000000795553e60,0x0000000795580000)
 Metaspace       used 31830K, capacity 32235K, committed 32640K, reserved 1077248K
  class space    used 3742K, capacity 3870K, committed 3968K, reserved 1048576K
}

