# JRE version: Java(TM) SE Runtime Environment (8.0_212-b10) (build 1.8.0_212-b10)
# Java VM: Java HotSpot(TM) 64-Bit Server VM (25.212-b10 mixed mode bsd-amd64 compressed oops)
Heap:
 PSYoungGen      total 451072K, used 265469K [0x0000000795580000, 0x00000007c0000000, 0x00000007c0000000)
  eden space 280576K, 94% used [0x0000000795580000,0x00000007a58bf418,0x00000007a6780000)
  from space 170496K, 0% used [0x00000007a6780000,0x00000007a6780000,0x00000007b0e00000)
  to   space 232960K, 0% used [0x00000007b1c80000,0x00000007b1c80000,0x00000007c0000000)
 ParOldGen       total 1398272K, used 1398216K [0x0000000740000000, 0x0000000795580000, 0x0000000795580000)
  object space 1398272K, 99% used [0x0000000740000000,0x0000000795572150,0x0000000795580000)
 Metaspace       used 32348K, capacity 32767K, committed 33152K, reserved 1079296K
  class space    used 3786K, capacity 3914K, committed 3968K, reserved 1048576K
GC Heap History (10 events):
Event: 1859.173 GC heap before
{Heap before GC invocations=355 (full 224):
 PSYoungGen      total 451072K, used 280576K [0x0000000795580000, 0x00000007c0000000, 0x00000007c0000000)
  eden space 280576K, 100% used [0x0000000795580000,0x00000007a6780000,0x00000007a6780000)
  from space 170496K, 0% used [0x00000007a6780000,0x00000007a6780000,0x00000007b0e00000)
  to   space 232960K, 0% used [0x00000007b1c80000,0x00000007b1c80000,0x00000007c0000000)
 ParOldGen       total 1398272K, used 1378358K [0x0000000740000000, 0x0000000795580000, 0x0000000795580000)
  object space 1398272K, 98% used [0x0000000740000000,0x000000079420d8e0,0x0000000795580000)
 Metaspace       used 32356K, capacity 32779K, committed 33152K, reserved 1079296K
  class space    used 3788K, capacity 3916K, committed 3968K, reserved 1048576K
Event: 1859.291 GC heap after
Heap after GC invocations=355 (full 224):
 PSYoungGen      total 451072K, used 280574K [0x0000000795580000, 0x00000007c0000000, 0x00000007c0000000)
  eden space 280576K, 99% used [0x0000000795580000,0x00000007a677f8a8,0x00000007a6780000)
  from space 170496K, 0% used [0x00000007a6780000,0x00000007a6780000,0x00000007b0e00000)
  to   space 232960K, 0% used [0x00000007b1c80000,0x00000007b1c80000,0x00000007c0000000)
 ParOldGen       total 1398272K, used 1378357K [0x0000000740000000, 0x0000000795580000, 0x0000000795580000)
  object space 1398272K, 98% used [0x0000000740000000,0x000000079420d790,0x0000000795580000)
 Metaspace       used 32356K, capacity 32779K, committed 33152K, reserved 1079296K
  class space    used 3788K, capacity 3916K, committed 3968K, reserved 1048576K
}
Event: 1859.291 GC heap before
{Heap before GC invocations=356 (full 225):
 PSYoungGen      total 451072K, used 280576K [0x0000000795580000, 0x00000007c0000000, 0x00000007c0000000)
  eden space 280576K, 100% used [0x0000000795580000,0x00000007a6780000,0x00000007a6780000)
  from space 170496K, 0% used [0x00000007a6780000,0x00000007a6780000,0x00000007b0e00000)
  to   space 232960K, 0% used [0x00000007b1c80000,0x00000007b1c80000,0x00000007c0000000)
 ParOldGen       total 1398272K, used 1378357K [0x0000000740000000, 0x0000000795580000, 0x0000000795580000)
  object space 1398272K, 98% used [0x0000000740000000,0x000000079420d790,0x0000000795580000)
 Metaspace       used 32356K, capacity 32779K, committed 33152K, reserved 1079296K
  class space    used 3788K, capacity 3916K, committed 3968K, reserved 1048576K
Event: 1859.406 GC heap after
Heap after GC invocations=356 (full 225):
 PSYoungGen      total 451072K, used 280574K [0x0000000795580000, 0x00000007c0000000, 0x00000007c0000000)
  eden space 280576K, 99% used [0x0000000795580000,0x00000007a677fb20,0x00000007a6780000)
  from space 170496K, 0% used [0x00000007a6780000,0x00000007a6780000,0x00000007b0e00000)
  to   space 232960K, 0% used [0x00000007b1c80000,0x00000007b1c80000,0x00000007c0000000)
 ParOldGen       total 1398272K, used 1378357K [0x0000000740000000, 0x0000000795580000, 0x0000000795580000)
  object space 1398272K, 98% used [0x0000000740000000,0x000000079420d758,0x0000000795580000)
 Metaspace       used 32356K, capacity 32779K, committed 33152K, reserved 1079296K
  class space    used 3788K, capacity 3916K, committed 3968K, reserved 1048576K
}
Event: 1859.406 GC heap before
{Heap before GC invocations=357 (full 226):
 PSYoungGen      total 451072K, used 280576K [0x0000000795580000, 0x00000007c0000000, 0x00000007c0000000)
  eden space 280576K, 100% used [0x0000000795580000,0x00000007a6780000,0x00000007a6780000)
  from space 170496K, 0% used [0x00000007a6780000,0x00000007a6780000,0x00000007b0e00000)
  to   space 232960K, 0% used [0x00000007b1c80000,0x00000007b1c80000,0x00000007c0000000)
 ParOldGen       total 1398272K, used 1378357K [0x0000000740000000, 0x0000000795580000, 0x0000000795580000)
  object space 1398272K, 98% used [0x0000000740000000,0x000000079420d758,0x0000000795580000)
 Metaspace       used 32356K, capacity 32779K, committed 33152K, reserved 1079296K
  class space    used 3788K, capacity 3916K, committed 3968K, reserved 1048576K
Event: 1859.535 GC heap after
Heap after GC invocations=357 (full 226):
 PSYoungGen      total 451072K, used 260659K [0x0000000795580000, 0x00000007c0000000, 0x00000007c0000000)
  eden space 280576K, 92% used [0x0000000795580000,0x00000007a540ceb8,0x00000007a6780000)
  from space 170496K, 0% used [0x00000007a6780000,0x00000007a6780000,0x00000007b0e00000)
  to   space 232960K, 0% used [0x00000007b1c80000,0x00000007b1c80000,0x00000007c0000000)
 ParOldGen       total 1398272K, used 1398271K [0x0000000740000000, 0x0000000795580000, 0x0000000795580000)
  object space 1398272K, 99% used [0x0000000740000000,0x000000079557ff38,0x0000000795580000)
 Metaspace       used 32356K, capacity 32779K, committed 33152K, reserved 1079296K
  class space    used 3788K, capacity 3916K, committed 3968K, reserved 1048576K
}
Event: 1859.557 GC heap before
{Heap before GC invocations=358 (full 227):
 PSYoungGen      total 451072K, used 265700K [0x0000000795580000, 0x00000007c0000000, 0x00000007c0000000)
  eden space 280576K, 94% used [0x0000000795580000,0x00000007a58f90e0,0x00000007a6780000)
  from space 170496K, 0% used [0x00000007a6780000,0x00000007a6780000,0x00000007b0e00000)
  to   space 232960K, 0% used [0x00000007b1c80000,0x00000007b1c80000,0x00000007c0000000)
 ParOldGen       total 1398272K, used 1398271K [0x0000000740000000, 0x0000000795580000, 0x0000000795580000)
  object space 1398272K, 99% used [0x0000000740000000,0x000000079557ff38,0x0000000795580000)
 Metaspace       used 32356K, capacity 32779K, committed 33152K, reserved 1079296K
  class space    used 3788K, capacity 3916K, committed 3968K, reserved 1048576K
Event: 1859.864 GC heap after
Heap after GC invocations=358 (full 227):
 PSYoungGen      total 451072K, used 265387K [0x0000000795580000, 0x00000007c0000000, 0x00000007c0000000)
  eden space 280576K, 94% used [0x0000000795580000,0x00000007a58aac28,0x00000007a6780000)
  from space 170496K, 0% used [0x00000007a6780000,0x00000007a6780000,0x00000007b0e00000)
  to   space 232960K, 0% used [0x00000007b1c80000,0x00000007b1c80000,0x00000007c0000000)
 ParOldGen       total 1398272K, used 1398270K [0x0000000740000000, 0x0000000795580000, 0x0000000795580000)
  object space 1398272K, 99% used [0x0000000740000000,0x000000079557fa18,0x0000000795580000)
 Metaspace       used 32356K, capacity 32779K, committed 33152K, reserved 1079296K
  class space    used 3788K, capacity 3916K, committed 3968K, reserved 1048576K
}
Event: 1859.864 GC heap before
{Heap before GC invocations=359 (full 228):
 PSYoungGen      total 451072K, used 265387K [0x0000000795580000, 0x00000007c0000000, 0x00000007c0000000)
  eden space 280576K, 94% used [0x0000000795580000,0x00000007a58aac28,0x00000007a6780000)
  from space 170496K, 0% used [0x00000007a6780000,0x00000007a6780000,0x00000007b0e00000)
  to   space 232960K, 0% used [0x00000007b1c80000,0x00000007b1c80000,0x00000007c0000000)
 ParOldGen       total 1398272K, used 1398270K [0x0000000740000000, 0x0000000795580000, 0x0000000795580000)
  object space 1398272K, 99% used [0x0000000740000000,0x000000079557fa18,0x0000000795580000)
 Metaspace       used 32356K, capacity 32779K, committed 33152K, reserved 1079296K
  class space    used 3788K, capacity 3916K, committed 3968K, reserved 1048576K
Event: 1860.121 GC heap after
Heap after GC invocations=359 (full 228):
 PSYoungGen      total 451072K, used 265386K [0x0000000795580000, 0x00000007c0000000, 0x00000007c0000000)
  eden space 280576K, 94% used [0x0000000795580000,0x00000007a58aabe0,0x00000007a6780000)
  from space 170496K, 0% used [0x00000007a6780000,0x00000007a6780000,0x00000007b0e00000)
  to   space 232960K, 0% used [0x00000007b1c80000,0x00000007b1c80000,0x00000007c0000000)
 ParOldGen       total 1398272K, used 1398216K [0x0000000740000000, 0x0000000795580000, 0x0000000795580000)
  object space 1398272K, 99% used [0x0000000740000000,0x0000000795572150,0x0000000795580000)
 Metaspace       used 32348K, capacity 32767K, committed 33152K, reserved 1079296K
  class space    used 3786K, capacity 3914K, committed 3968K, reserved 1048576K
}

