# JRE version: Java(TM) SE Runtime Environment (8.0_212-b10) (build 1.8.0_212-b10)
# Java VM: Java HotSpot(TM) 64-Bit Server VM (25.212-b10 mixed mode bsd-amd64 compressed oops)
Heap:
 PSYoungGen      total 465920K, used 232959K [0x0000000795580000, 0x00000007c0000000, 0x00000007c0000000)
  eden space 232960K, 99% used [0x0000000795580000,0x00000007a38ffff8,0x00000007a3900000)
  from space 232960K, 0% used [0x00000007b1c80000,0x00000007b1c80000,0x00000007c0000000)
  to   space 232960K, 0% used [0x00000007a3900000,0x00000007a3900000,0x00000007b1c80000)
 ParOldGen       total 1398272K, used 1340566K [0x0000000740000000, 0x0000000795580000, 0x0000000795580000)
  object space 1398272K, 95% used [0x0000000740000000,0x0000000791d259a0,0x0000000795580000)
 Metaspace       used 32218K, capacity 32633K, committed 32896K, reserved 1079296K
  class space    used 3782K, capacity 3913K, committed 3968K, reserved 1048576K
GC Heap History (10 events):
Event: 1873.370 GC heap before
{Heap before GC invocations=722 (full 590):
 PSYoungGen      total 465920K, used 232959K [0x0000000795580000, 0x00000007c0000000, 0x00000007c0000000)
  eden space 232960K, 99% used [0x0000000795580000,0x00000007a38ffff0,0x00000007a3900000)
  from space 232960K, 0% used [0x00000007b1c80000,0x00000007b1c80000,0x00000007c0000000)
  to   space 232960K, 0% used [0x00000007a3900000,0x00000007a3900000,0x00000007b1c80000)
 ParOldGen       total 1398272K, used 1340848K [0x0000000740000000, 0x0000000795580000, 0x0000000795580000)
  object space 1398272K, 95% used [0x0000000740000000,0x0000000791d6c150,0x0000000795580000)
 Metaspace       used 32234K, capacity 32657K, committed 32896K, reserved 1079296K
  class space    used 3784K, capacity 3917K, committed 3968K, reserved 1048576K
Event: 1873.496 GC heap after
Heap after GC invocations=722 (full 590):
 PSYoungGen      total 465920K, used 232959K [0x0000000795580000, 0x00000007c0000000, 0x00000007c0000000)
  eden space 232960K, 99% used [0x0000000795580000,0x00000007a38ffff0,0x00000007a3900000)
  from space 232960K, 0% used [0x00000007b1c80000,0x00000007b1c80000,0x00000007c0000000)
  to   space 232960K, 0% used [0x00000007a3900000,0x00000007a3900000,0x00000007b1c80000)
 ParOldGen       total 1398272K, used 1340848K [0x0000000740000000, 0x0000000795580000, 0x0000000795580000)
  object space 1398272K, 95% used [0x0000000740000000,0x0000000791d6c150,0x0000000795580000)
 Metaspace       used 32234K, capacity 32657K, committed 32896K, reserved 1079296K
  class space    used 3784K, capacity 3917K, committed 3968K, reserved 1048576K
}
Event: 1873.496 GC heap before
{Heap before GC invocations=723 (full 591):
 PSYoungGen      total 465920K, used 232959K [0x0000000795580000, 0x00000007c0000000, 0x00000007c0000000)
  eden space 232960K, 99% used [0x0000000795580000,0x00000007a38ffff0,0x00000007a3900000)
  from space 232960K, 0% used [0x00000007b1c80000,0x00000007b1c80000,0x00000007c0000000)
  to   space 232960K, 0% used [0x00000007a3900000,0x00000007a3900000,0x00000007b1c80000)
 ParOldGen       total 1398272K, used 1340859K [0x0000000740000000, 0x0000000795580000, 0x0000000795580000)
  object space 1398272K, 95% used [0x0000000740000000,0x0000000791d6ecc8,0x0000000795580000)
 Metaspace       used 32234K, capacity 32657K, committed 32896K, reserved 1079296K
  class space    used 3784K, capacity 3917K, committed 3968K, reserved 1048576K
Event: 1873.620 GC heap after
Heap after GC invocations=723 (full 591):
 PSYoungGen      total 465920K, used 232959K [0x0000000795580000, 0x00000007c0000000, 0x00000007c0000000)
  eden space 232960K, 99% used [0x0000000795580000,0x00000007a38fff90,0x00000007a3900000)
  from space 232960K, 0% used [0x00000007b1c80000,0x00000007b1c80000,0x00000007c0000000)
  to   space 232960K, 0% used [0x00000007a3900000,0x00000007a3900000,0x00000007b1c80000)
 ParOldGen       total 1398272K, used 1340858K [0x0000000740000000, 0x0000000795580000, 0x0000000795580000)
  object space 1398272K, 95% used [0x0000000740000000,0x0000000791d6ea78,0x0000000795580000)
 Metaspace       used 32234K, capacity 32657K, committed 32896K, reserved 1079296K
  class space    used 3784K, capacity 3917K, committed 3968K, reserved 1048576K
}
Event: 1873.620 GC heap before
{Heap before GC invocations=724 (full 592):
 PSYoungGen      total 465920K, used 232959K [0x0000000795580000, 0x00000007c0000000, 0x00000007c0000000)
  eden space 232960K, 99% used [0x0000000795580000,0x00000007a38fffd8,0x00000007a3900000)
  from space 232960K, 0% used [0x00000007b1c80000,0x00000007b1c80000,0x00000007c0000000)
  to   space 232960K, 0% used [0x00000007a3900000,0x00000007a3900000,0x00000007b1c80000)
 ParOldGen       total 1398272K, used 1340858K [0x0000000740000000, 0x0000000795580000, 0x0000000795580000)
  object space 1398272K, 95% used [0x0000000740000000,0x0000000791d6ea78,0x0000000795580000)
 Metaspace       used 32234K, capacity 32657K, committed 32896K, reserved 1079296K
  class space    used 3784K, capacity 3917K, committed 3968K, reserved 1048576K
Event: 1873.744 GC heap after
Heap after GC invocations=724 (full 592):
 PSYoungGen      total 465920K, used 232959K [0x0000000795580000, 0x00000007c0000000, 0x00000007c0000000)
  eden space 232960K, 99% used [0x0000000795580000,0x00000007a38fffd8,0x00000007a3900000)
  from space 232960K, 0% used [0x00000007b1c80000,0x00000007b1c80000,0x00000007c0000000)
  to   space 232960K, 0% used [0x00000007a3900000,0x00000007a3900000,0x00000007b1c80000)
 ParOldGen       total 1398272K, used 1340858K [0x0000000740000000, 0x0000000795580000, 0x0000000795580000)
  object space 1398272K, 95% used [0x0000000740000000,0x0000000791d6ea78,0x0000000795580000)
 Metaspace       used 32234K, capacity 32657K, committed 32896K, reserved 1079296K
  class space    used 3784K, capacity 3917K, committed 3968K, reserved 1048576K
}
Event: 1873.744 GC heap before
{Heap before GC invocations=725 (full 593):
 PSYoungGen      total 465920K, used 232959K [0x0000000795580000, 0x00000007c0000000, 0x00000007c0000000)
  eden space 232960K, 99% used [0x0000000795580000,0x00000007a38ffff8,0x00000007a3900000)
  from space 232960K, 0% used [0x00000007b1c80000,0x00000007b1c80000,0x00000007c0000000)
  to   space 232960K, 0% used [0x00000007a3900000,0x00000007a3900000,0x00000007b1c80000)
 ParOldGen       total 1398272K, used 1340858K [0x0000000740000000, 0x0000000795580000, 0x0000000795580000)
  object space 1398272K, 95% used [0x0000000740000000,0x0000000791d6eb98,0x0000000795580000)
 Metaspace       used 32234K, capacity 32657K, committed 32896K, reserved 1079296K
  class space    used 3784K, capacity 3917K, committed 3968K, reserved 1048576K
Event: 1873.876 GC heap after
Heap after GC invocations=725 (full 593):
 PSYoungGen      total 465920K, used 232959K [0x0000000795580000, 0x00000007c0000000, 0x00000007c0000000)
  eden space 232960K, 99% used [0x0000000795580000,0x00000007a38ffff8,0x00000007a3900000)
  from space 232960K, 0% used [0x00000007b1c80000,0x00000007b1c80000,0x00000007c0000000)
  to   space 232960K, 0% used [0x00000007a3900000,0x00000007a3900000,0x00000007b1c80000)
 ParOldGen       total 1398272K, used 1340858K [0x0000000740000000, 0x0000000795580000, 0x0000000795580000)
  object space 1398272K, 95% used [0x0000000740000000,0x0000000791d6eb98,0x0000000795580000)
 Metaspace       used 32234K, capacity 32657K, committed 32896K, reserved 1079296K
  class space    used 3784K, capacity 3917K, committed 3968K, reserved 1048576K
}
Event: 1873.876 GC heap before
{Heap before GC invocations=726 (full 594):
 PSYoungGen      total 465920K, used 232959K [0x0000000795580000, 0x00000007c0000000, 0x00000007c0000000)
  eden space 232960K, 99% used [0x0000000795580000,0x00000007a38ffff8,0x00000007a3900000)
  from space 232960K, 0% used [0x00000007b1c80000,0x00000007b1c80000,0x00000007c0000000)
  to   space 232960K, 0% used [0x00000007a3900000,0x00000007a3900000,0x00000007b1c80000)
 ParOldGen       total 1398272K, used 1340858K [0x0000000740000000, 0x0000000795580000, 0x0000000795580000)
  object space 1398272K, 95% used [0x0000000740000000,0x0000000791d6eb98,0x0000000795580000)
 Metaspace       used 32234K, capacity 32657K, committed 32896K, reserved 1079296K
  class space    used 3784K, capacity 3917K, committed 3968K, reserved 1048576K
Event: 1874.010 GC heap after
Heap after GC invocations=726 (full 594):
 PSYoungGen      total 465920K, used 232959K [0x0000000795580000, 0x00000007c0000000, 0x00000007c0000000)
  eden space 232960K, 99% used [0x0000000795580000,0x00000007a38ffff8,0x00000007a3900000)
  from space 232960K, 0% used [0x00000007b1c80000,0x00000007b1c80000,0x00000007c0000000)
  to   space 232960K, 0% used [0x00000007a3900000,0x00000007a3900000,0x00000007b1c80000)
 ParOldGen       total 1398272K, used 1340563K [0x0000000740000000, 0x0000000795580000, 0x0000000795580000)
  object space 1398272K, 95% used [0x0000000740000000,0x0000000791d24f58,0x0000000795580000)
 Metaspace       used 32218K, capacity 32633K, committed 32896K, reserved 1079296K
  class space    used 3782K, capacity 3913K, committed 3968K, reserved 1048576K
}

